2023-05-23 00:05:229 INFO  LoginPage :25 - Enter Username[[ChromeDriver: chrome on WINDOWS (bed4892f69378d5e5162d7ddf4c3a1db)] -> name: username]
2023-05-23 00:05:415 INFO  LoginPage :37 - Enter Password[[ChromeDriver: chrome on WINDOWS (bed4892f69378d5e5162d7ddf4c3a1db)] -> name: password]
2023-05-23 00:05:626 INFO  LoginPage :46 - Click on Login Button[[ChromeDriver: chrome on WINDOWS (bed4892f69378d5e5162d7ddf4c3a1db)] -> xpath: //button[normalize-space()='Login']]
2023-05-23 00:05:781 INFO  DashboardPage :23 - Verify Dashboard Text[[ChromeDriver: chrome on WINDOWS (bed4892f69378d5e5162d7ddf4c3a1db)] -> xpath: //a[@class='oxd-main-menu-item active']]
2023-05-23 00:05:357 INFO  LoginPage :25 - Enter Username[[ChromeDriver: chrome on WINDOWS (2002220c81b40dccba50d823a3054fe9)] -> name: username]
2023-05-23 00:05:502 INFO  LoginPage :37 - Enter Password[[ChromeDriver: chrome on WINDOWS (2002220c81b40dccba50d823a3054fe9)] -> name: password]
2023-05-23 00:05:649 INFO  LoginPage :46 - Click on Login Button[[ChromeDriver: chrome on WINDOWS (2002220c81b40dccba50d823a3054fe9)] -> xpath: //button[normalize-space()='Login']]
2023-05-23 00:05:796 INFO  ViewSystemUsersPage :26 - Click on Admin[[ChromeDriver: chrome on WINDOWS (2002220c81b40dccba50d823a3054fe9)] -> xpath: //a[@href='/web/index.php/admin/viewAdminModule']]
2023-05-23 00:05:458 INFO  ViewSystemUsersPage :36 - Verify System User Text[[ChromeDriver: chrome on WINDOWS (2002220c81b40dccba50d823a3054fe9)] -> xpath: //h5[@class='oxd-text oxd-text--h5 oxd-table-filter-title']]
2023-05-23 00:05:524 INFO  ViewSystemUsersPage :46 - Click on Add Button[[ChromeDriver: chrome on WINDOWS (2002220c81b40dccba50d823a3054fe9)] -> xpath: //button[@class='oxd-button oxd-button--medium oxd-button--secondary']]
2023-05-23 00:05:149 INFO  ViewSystemUsersPage :55 - Verify Add User[[ChromeDriver: chrome on WINDOWS (2002220c81b40dccba50d823a3054fe9)] -> xpath: //h6[@class='oxd-text oxd-text--h6 orangehrm-main-title']]
2023-05-23 00:05:188 INFO  ViewSystemUsersPage :68 - Select Admin [[ChromeDriver: chrome on WINDOWS (2002220c81b40dccba50d823a3054fe9)] -> xpath: //div[@class='oxd-form-row']/div[1]/div[1]/div[1]/div[2]/div[1]/div[1]/div[2]/i[1]]
2023-05-23 00:05:250 INFO  ViewSystemUsersPage :71 - Click on Admin[[ChromeDriver: chrome on WINDOWS (2002220c81b40dccba50d823a3054fe9)] -> xpath: //*[@class='oxd-select-wrapper']//*[contains(text(),'Admin')]]
2023-05-23 00:05:320 INFO  ViewSystemUsersPage :84 - Enter Employee name[[ChromeDriver: chrome on WINDOWS (2002220c81b40dccba50d823a3054fe9)] -> xpath: //input[@placeholder='Type for hints...']]
2023-05-23 00:05:471 INFO  ViewSystemUsersPage :87 - Enter Employee name1[[ChromeDriver: chrome on WINDOWS (2002220c81b40dccba50d823a3054fe9)] -> xpath: //*[@class='oxd-autocomplete-wrapper']//*[contains(text(),'Goutam  Ganesh')]]
2023-05-23 00:05:564 INFO  ViewSystemUsersPage :97 - Enter Username[[ChromeDriver: chrome on WINDOWS (2002220c81b40dccba50d823a3054fe9)] -> xpath: //div[@class='oxd-form-row']/div[1]/div[4]/div[1]/div[2]/input[1]]
2023-05-23 00:05:685 INFO  ViewSystemUsersPage :114 - Select Status[[ChromeDriver: chrome on WINDOWS (2002220c81b40dccba50d823a3054fe9)] -> xpath: //body/div[@id='app']/div[1]/div[2]/div[2]/div[1]/div[1]/form[1]/div[1]/div[1]/div[3]/div[1]/div[2]/div[1]/div[1]]
2023-05-23 00:05:762 INFO  ViewSystemUsersPage :117 - Select Disable[[ChromeDriver: chrome on WINDOWS (2002220c81b40dccba50d823a3054fe9)] -> css selector: body > div:nth-child(3) > div:nth-child(1) > div:nth-child(2) > div:nth-child(2) > div:nth-child(1) > div:nth-child(1) > form:nth-child(3) > div:nth-child(1) > div:nth-child(1) > div:nth-child(3) > div:nth-child(1) > div:nth-child(2) > div:nth-child(1) > div:nth-child(1) > div:nth-child(1)]
2023-05-23 00:05:844 INFO  ViewSystemUsersPage :128 - Enter password[[ChromeDriver: chrome on WINDOWS (2002220c81b40dccba50d823a3054fe9)] -> xpath: //div[@class='orangehrm-card-container']/form[1]/div[2]/div[1]/div[1]/div[1]/div[2]/input[1]]
2023-05-23 00:05:971 INFO  ViewSystemUsersPage :140 - Enter confirm password[[ChromeDriver: chrome on WINDOWS (2002220c81b40dccba50d823a3054fe9)] -> xpath: //div[@class='orangehrm-card-container']/form[1]/div[2]/div[1]/div[2]/div[1]/div[2]/input[1]]
2023-05-23 00:05:112 INFO  ViewSystemUsersPage :150 - Click on Save button[[ChromeDriver: chrome on WINDOWS (2002220c81b40dccba50d823a3054fe9)] -> xpath: //button[@class='oxd-button oxd-button--medium oxd-button--secondary orangehrm-left-space']]
2023-05-23 00:05:720 INFO  LoginPage :25 - Enter Username[[ChromeDriver: chrome on WINDOWS (437a44fee861f8e751c9982b3f9bd1c4)] -> name: username]
2023-05-23 00:05:885 INFO  LoginPage :37 - Enter Password[[ChromeDriver: chrome on WINDOWS (437a44fee861f8e751c9982b3f9bd1c4)] -> name: password]
2023-05-23 00:05:97 INFO  LoginPage :46 - Click on Login Button[[ChromeDriver: chrome on WINDOWS (437a44fee861f8e751c9982b3f9bd1c4)] -> xpath: //button[normalize-space()='Login']]
2023-05-23 00:05:258 INFO  DashboardPage :23 - Verify Dashboard Text[[ChromeDriver: chrome on WINDOWS (437a44fee861f8e751c9982b3f9bd1c4)] -> xpath: //a[@class='oxd-main-menu-item active']]
2023-05-23 00:05:631 INFO  LoginPage :25 - Enter Username[[ChromeDriver: chrome on WINDOWS (23a6c07a12a9d73b76080a568bfd49ce)] -> name: username]
2023-05-23 00:05:786 INFO  LoginPage :37 - Enter Password[[ChromeDriver: chrome on WINDOWS (23a6c07a12a9d73b76080a568bfd49ce)] -> name: password]
2023-05-23 00:05:934 INFO  LoginPage :46 - Click on Login Button[[ChromeDriver: chrome on WINDOWS (23a6c07a12a9d73b76080a568bfd49ce)] -> xpath: //button[normalize-space()='Login']]
2023-05-23 00:05:32 INFO  ViewSystemUsersPage :26 - Click on Admin[[ChromeDriver: chrome on WINDOWS (23a6c07a12a9d73b76080a568bfd49ce)] -> xpath: //a[@href='/web/index.php/admin/viewAdminModule']]
2023-05-23 00:05:643 INFO  ViewSystemUsersPage :36 - Verify System User Text[[ChromeDriver: chrome on WINDOWS (23a6c07a12a9d73b76080a568bfd49ce)] -> xpath: //h5[@class='oxd-text oxd-text--h5 oxd-table-filter-title']]
2023-05-23 00:05:709 INFO  ViewSystemUsersPage :46 - Click on Add Button[[ChromeDriver: chrome on WINDOWS (23a6c07a12a9d73b76080a568bfd49ce)] -> xpath: //button[@class='oxd-button oxd-button--medium oxd-button--secondary']]
2023-05-23 00:05:324 INFO  ViewSystemUsersPage :55 - Verify Add User[[ChromeDriver: chrome on WINDOWS (23a6c07a12a9d73b76080a568bfd49ce)] -> xpath: //h6[@class='oxd-text oxd-text--h6 orangehrm-main-title']]
2023-05-23 00:05:368 INFO  ViewSystemUsersPage :68 - Select Admin [[ChromeDriver: chrome on WINDOWS (23a6c07a12a9d73b76080a568bfd49ce)] -> xpath: //div[@class='oxd-form-row']/div[1]/div[1]/div[1]/div[2]/div[1]/div[1]/div[2]/i[1]]
2023-05-23 00:05:468 INFO  ViewSystemUsersPage :71 - Click on Admin[[ChromeDriver: chrome on WINDOWS (23a6c07a12a9d73b76080a568bfd49ce)] -> xpath: //*[@class='oxd-select-wrapper']//*[contains(text(),'Admin')]]
2023-05-23 00:05:542 INFO  ViewSystemUsersPage :84 - Enter Employee name[[ChromeDriver: chrome on WINDOWS (23a6c07a12a9d73b76080a568bfd49ce)] -> xpath: //input[@placeholder='Type for hints...']]
2023-05-23 00:05:628 INFO  ViewSystemUsersPage :87 - Enter Employee name1[[ChromeDriver: chrome on WINDOWS (23a6c07a12a9d73b76080a568bfd49ce)] -> xpath: //*[@class='oxd-autocomplete-wrapper']//*[contains(text(),'Goutam  Ganesh')]]
2023-05-23 00:05:725 INFO  ViewSystemUsersPage :97 - Enter Username[[ChromeDriver: chrome on WINDOWS (23a6c07a12a9d73b76080a568bfd49ce)] -> xpath: //div[@class='oxd-form-row']/div[1]/div[4]/div[1]/div[2]/input[1]]
2023-05-23 00:05:847 INFO  ViewSystemUsersPage :114 - Select Status[[ChromeDriver: chrome on WINDOWS (23a6c07a12a9d73b76080a568bfd49ce)] -> xpath: //body/div[@id='app']/div[1]/div[2]/div[2]/div[1]/div[1]/form[1]/div[1]/div[1]/div[3]/div[1]/div[2]/div[1]/div[1]]
2023-05-23 00:05:936 INFO  ViewSystemUsersPage :117 - Select Disable[[ChromeDriver: chrome on WINDOWS (23a6c07a12a9d73b76080a568bfd49ce)] -> css selector: body > div:nth-child(3) > div:nth-child(1) > div:nth-child(2) > div:nth-child(2) > div:nth-child(1) > div:nth-child(1) > form:nth-child(3) > div:nth-child(1) > div:nth-child(1) > div:nth-child(3) > div:nth-child(1) > div:nth-child(2) > div:nth-child(1) > div:nth-child(1) > div:nth-child(1)]
2023-05-23 00:05:15 INFO  ViewSystemUsersPage :128 - Enter password[[ChromeDriver: chrome on WINDOWS (23a6c07a12a9d73b76080a568bfd49ce)] -> xpath: //div[@class='orangehrm-card-container']/form[1]/div[2]/div[1]/div[1]/div[1]/div[2]/input[1]]
2023-05-23 00:05:127 INFO  ViewSystemUsersPage :140 - Enter confirm password[[ChromeDriver: chrome on WINDOWS (23a6c07a12a9d73b76080a568bfd49ce)] -> xpath: //div[@class='orangehrm-card-container']/form[1]/div[2]/div[1]/div[2]/div[1]/div[2]/input[1]]
2023-05-23 00:05:259 INFO  ViewSystemUsersPage :150 - Click on Save button[[ChromeDriver: chrome on WINDOWS (23a6c07a12a9d73b76080a568bfd49ce)] -> xpath: //button[@class='oxd-button oxd-button--medium oxd-button--secondary orangehrm-left-space']]
2023-05-23 00:05:469 INFO  LoginPage :25 - Enter Username[[ChromeDriver: chrome on WINDOWS (0c7f18a2413e5681a5e0fc781ce70518)] -> name: username]
2023-05-23 00:05:686 INFO  LoginPage :37 - Enter Password[[ChromeDriver: chrome on WINDOWS (0c7f18a2413e5681a5e0fc781ce70518)] -> name: password]
2023-05-23 00:05:897 INFO  LoginPage :46 - Click on Login Button[[ChromeDriver: chrome on WINDOWS (0c7f18a2413e5681a5e0fc781ce70518)] -> xpath: //button[normalize-space()='Login']]
2023-05-23 00:05:961 INFO  DashboardPage :23 - Verify Dashboard Text[[ChromeDriver: chrome on WINDOWS (0c7f18a2413e5681a5e0fc781ce70518)] -> xpath: //a[@class='oxd-main-menu-item active']]
2023-05-23 00:05:172 INFO  LoginPage :25 - Enter Username[[ChromeDriver: chrome on WINDOWS (b3c9f4b950fe19dc1d5923efef45c34c)] -> name: username]
2023-05-23 00:05:315 INFO  LoginPage :37 - Enter Password[[ChromeDriver: chrome on WINDOWS (b3c9f4b950fe19dc1d5923efef45c34c)] -> name: password]
2023-05-23 00:05:446 INFO  LoginPage :56 - Verify logo HRForAll[[ChromeDriver: chrome on WINDOWS (b3c9f4b950fe19dc1d5923efef45c34c)] -> xpath: //div[@class='orangehrm-login-logo']//img[@alt='orangehrm-logo']]
2023-05-23 00:05:510 INFO  LoginPage :46 - Click on Login Button[[ChromeDriver: chrome on WINDOWS (b3c9f4b950fe19dc1d5923efef45c34c)] -> xpath: //button[normalize-space()='Login']]
2023-05-23 00:05:523 INFO  LoginPage :25 - Enter Username[[ChromeDriver: chrome on WINDOWS (907dfc7634e69a10f4d42f4da59fce6d)] -> name: username]
2023-05-23 00:05:690 INFO  LoginPage :37 - Enter Password[[ChromeDriver: chrome on WINDOWS (907dfc7634e69a10f4d42f4da59fce6d)] -> name: password]
2023-05-23 00:05:887 INFO  LoginPage :46 - Click on Login Button[[ChromeDriver: chrome on WINDOWS (907dfc7634e69a10f4d42f4da59fce6d)] -> xpath: //button[normalize-space()='Login']]
2023-05-23 00:05:98 INFO  DashboardPage :35 - Click on User Profile Logo[[ChromeDriver: chrome on WINDOWS (907dfc7634e69a10f4d42f4da59fce6d)] -> xpath: //i[@class='oxd-icon bi-caret-down-fill oxd-userdropdown-icon']]
2023-05-23 00:05:704 INFO  DashboardPage :46 - Mouse Hoover And Click On Logout[[ChromeDriver: chrome on WINDOWS (907dfc7634e69a10f4d42f4da59fce6d)] -> link text: Logout]
2023-05-23 00:05:542 INFO  LoginPage :69 - Verify Login Panel Displayed[[ChromeDriver: chrome on WINDOWS (907dfc7634e69a10f4d42f4da59fce6d)] -> xpath: //h5[normalize-space()='Login']]
2023-05-23 00:05:903 INFO  LoginPage :25 - Enter Username[[ChromeDriver: chrome on WINDOWS (a31e8b551db4b99cd31e9f63e097b912)] -> name: username]
2023-05-23 00:05:51 INFO  LoginPage :37 - Enter Password[[ChromeDriver: chrome on WINDOWS (a31e8b551db4b99cd31e9f63e097b912)] -> name: password]
2023-05-23 00:05:258 INFO  LoginPage :46 - Click on Login Button[[ChromeDriver: chrome on WINDOWS (a31e8b551db4b99cd31e9f63e097b912)] -> xpath: //button[normalize-space()='Login']]
2023-05-23 00:05:396 INFO  ViewSystemUsersPage :26 - Click on Admin[[ChromeDriver: chrome on WINDOWS (a31e8b551db4b99cd31e9f63e097b912)] -> xpath: //a[@href='/web/index.php/admin/viewAdminModule']]
2023-05-23 00:05:841 INFO  ViewSystemUsersPage :36 - Verify System User Text[[ChromeDriver: chrome on WINDOWS (a31e8b551db4b99cd31e9f63e097b912)] -> xpath: //h5[@class='oxd-text oxd-text--h5 oxd-table-filter-title']]
2023-05-23 00:05:917 INFO  ViewSystemUsersPage :46 - Click on Add Button[[ChromeDriver: chrome on WINDOWS (a31e8b551db4b99cd31e9f63e097b912)] -> xpath: //button[@class='oxd-button oxd-button--medium oxd-button--secondary']]
2023-05-23 00:05:507 INFO  ViewSystemUsersPage :55 - Verify Add User[[ChromeDriver: chrome on WINDOWS (a31e8b551db4b99cd31e9f63e097b912)] -> xpath: //h6[@class='oxd-text oxd-text--h6 orangehrm-main-title']]
2023-05-23 00:05:544 INFO  ViewSystemUsersPage :68 - Select Admin [[ChromeDriver: chrome on WINDOWS (a31e8b551db4b99cd31e9f63e097b912)] -> xpath: //div[@class='oxd-form-row']/div[1]/div[1]/div[1]/div[2]/div[1]/div[1]/div[2]/i[1]]
2023-05-23 00:05:619 INFO  ViewSystemUsersPage :71 - Click on Admin[[ChromeDriver: chrome on WINDOWS (a31e8b551db4b99cd31e9f63e097b912)] -> xpath: //*[@class='oxd-select-wrapper']//*[contains(text(),'Admin')]]
2023-05-23 00:05:700 INFO  ViewSystemUsersPage :84 - Enter Employee name[[ChromeDriver: chrome on WINDOWS (a31e8b551db4b99cd31e9f63e097b912)] -> xpath: //input[@placeholder='Type for hints...']]
2023-05-23 00:05:783 INFO  ViewSystemUsersPage :87 - Enter Employee name1[[ChromeDriver: chrome on WINDOWS (a31e8b551db4b99cd31e9f63e097b912)] -> xpath: //*[@class='oxd-autocomplete-wrapper']//*[contains(text(),'Goutam  Ganesh')]]
2023-05-23 00:05:864 INFO  ViewSystemUsersPage :97 - Enter Username[[ChromeDriver: chrome on WINDOWS (a31e8b551db4b99cd31e9f63e097b912)] -> xpath: //div[@class='oxd-form-row']/div[1]/div[4]/div[1]/div[2]/input[1]]
2023-05-23 00:05:978 INFO  ViewSystemUsersPage :114 - Select Status[[ChromeDriver: chrome on WINDOWS (a31e8b551db4b99cd31e9f63e097b912)] -> xpath: //body/div[@id='app']/div[1]/div[2]/div[2]/div[1]/div[1]/form[1]/div[1]/div[1]/div[3]/div[1]/div[2]/div[1]/div[1]]
2023-05-23 00:05:60 INFO  ViewSystemUsersPage :117 - Select Disable[[ChromeDriver: chrome on WINDOWS (a31e8b551db4b99cd31e9f63e097b912)] -> css selector: body > div:nth-child(3) > div:nth-child(1) > div:nth-child(2) > div:nth-child(2) > div:nth-child(1) > div:nth-child(1) > form:nth-child(3) > div:nth-child(1) > div:nth-child(1) > div:nth-child(3) > div:nth-child(1) > div:nth-child(2) > div:nth-child(1) > div:nth-child(1) > div:nth-child(1)]
2023-05-23 00:05:144 INFO  ViewSystemUsersPage :128 - Enter password[[ChromeDriver: chrome on WINDOWS (a31e8b551db4b99cd31e9f63e097b912)] -> xpath: //div[@class='orangehrm-card-container']/form[1]/div[2]/div[1]/div[1]/div[1]/div[2]/input[1]]
2023-05-23 00:05:256 INFO  ViewSystemUsersPage :140 - Enter confirm password[[ChromeDriver: chrome on WINDOWS (a31e8b551db4b99cd31e9f63e097b912)] -> xpath: //div[@class='orangehrm-card-container']/form[1]/div[2]/div[1]/div[2]/div[1]/div[2]/input[1]]
2023-05-23 00:05:383 INFO  ViewSystemUsersPage :150 - Click on Save button[[ChromeDriver: chrome on WINDOWS (a31e8b551db4b99cd31e9f63e097b912)] -> xpath: //button[@class='oxd-button oxd-button--medium oxd-button--secondary orangehrm-left-space']]
2023-05-23 00:05:852 INFO  LoginPage :25 - Enter Username[[ChromeDriver: chrome on WINDOWS (d83eff7ec0238fd9b1aeb6830042a133)] -> name: username]
2023-05-23 00:05:17 INFO  LoginPage :37 - Enter Password[[ChromeDriver: chrome on WINDOWS (d83eff7ec0238fd9b1aeb6830042a133)] -> name: password]
2023-05-23 00:05:172 INFO  LoginPage :46 - Click on Login Button[[ChromeDriver: chrome on WINDOWS (d83eff7ec0238fd9b1aeb6830042a133)] -> xpath: //button[normalize-space()='Login']]
2023-05-23 00:05:277 INFO  ViewSystemUsersPage :26 - Click on Admin[[ChromeDriver: chrome on WINDOWS (d83eff7ec0238fd9b1aeb6830042a133)] -> xpath: //a[@href='/web/index.php/admin/viewAdminModule']]
2023-05-23 00:05:853 INFO  ViewSystemUsersPage :36 - Verify System User Text[[ChromeDriver: chrome on WINDOWS (d83eff7ec0238fd9b1aeb6830042a133)] -> xpath: //h5[@class='oxd-text oxd-text--h5 oxd-table-filter-title']]
2023-05-23 00:05:907 INFO  AddUserPage :25 - Enter Username[[ChromeDriver: chrome on WINDOWS (d83eff7ec0238fd9b1aeb6830042a133)] -> xpath: //div[@class='oxd-form-row']/div[1]/div[1]/div[1]/div[2]/input[1]]
2023-05-23 00:05:192 INFO  AddUserPage :39 - Select User Role[[ChromeDriver: chrome on WINDOWS (d83eff7ec0238fd9b1aeb6830042a133)] -> xpath: //div[@class='oxd-grid-4 orangehrm-full-width-grid']/div[2]/div/div[2]/div/div/div[2]/i]
2023-05-23 00:05:262 INFO  AddUserPage :42 - Select Admin[[ChromeDriver: chrome on WINDOWS (d83eff7ec0238fd9b1aeb6830042a133)] -> xpath: //*[@class='oxd-select-wrapper']//*[contains(text(),'Admin')]]
2023-05-23 00:05:322 INFO  AddUserPage :55 - Select Status[[ChromeDriver: chrome on WINDOWS (d83eff7ec0238fd9b1aeb6830042a133)] -> xpath: //div[@class='oxd-form-row']/div/div[4]/div/div[2]/div/div]
2023-05-23 00:05:388 INFO  AddUserPage :58 - Select Disable[[ChromeDriver: chrome on WINDOWS (d83eff7ec0238fd9b1aeb6830042a133)] -> xpath: //*[@class='oxd-select-wrapper']//*[contains(text(),'Disabled')]]
2023-05-23 00:05:467 INFO  AddUserPage :79 - Click on Search[[ChromeDriver: chrome on WINDOWS (d83eff7ec0238fd9b1aeb6830042a133)] -> xpath: //button[@class='oxd-button oxd-button--medium oxd-button--secondary orangehrm-left-space']]
2023-05-23 00:05:742 INFO  AddUserPage :88 - Verify the Result List[[ChromeDriver: chrome on WINDOWS (d83eff7ec0238fd9b1aeb6830042a133)] -> xpath: //div[@class='orangehrm-paper-container']/div[2]/div[1]/span[1]]
2023-05-23 00:05:18 INFO  LoginPage :25 - Enter Username[[ChromeDriver: chrome on WINDOWS (b0640d120737545669b755139771cd8a)] -> name: username]
2023-05-23 00:05:187 INFO  LoginPage :37 - Enter Password[[ChromeDriver: chrome on WINDOWS (b0640d120737545669b755139771cd8a)] -> name: password]
2023-05-23 00:05:334 INFO  LoginPage :46 - Click on Login Button[[ChromeDriver: chrome on WINDOWS (b0640d120737545669b755139771cd8a)] -> xpath: //button[normalize-space()='Login']]
2023-05-23 00:05:467 INFO  ViewSystemUsersPage :26 - Click on Admin[[ChromeDriver: chrome on WINDOWS (b0640d120737545669b755139771cd8a)] -> xpath: //a[@href='/web/index.php/admin/viewAdminModule']]
2023-05-23 00:05:917 INFO  ViewSystemUsersPage :36 - Verify System User Text[[ChromeDriver: chrome on WINDOWS (b0640d120737545669b755139771cd8a)] -> xpath: //h5[@class='oxd-text oxd-text--h5 oxd-table-filter-title']]
2023-05-23 00:05:960 INFO  AddUserPage :25 - Enter Username[[ChromeDriver: chrome on WINDOWS (b0640d120737545669b755139771cd8a)] -> xpath: //div[@class='oxd-form-row']/div[1]/div[1]/div[1]/div[2]/input[1]]
2023-05-23 00:05:87 INFO  AddUserPage :39 - Select User Role[[ChromeDriver: chrome on WINDOWS (b0640d120737545669b755139771cd8a)] -> xpath: //div[@class='oxd-grid-4 orangehrm-full-width-grid']/div[2]/div/div[2]/div/div/div[2]/i]
2023-05-23 00:05:324 INFO  AddUserPage :42 - Select Admin[[ChromeDriver: chrome on WINDOWS (b0640d120737545669b755139771cd8a)] -> xpath: //*[@class='oxd-select-wrapper']//*[contains(text(),'Admin')]]
2023-05-23 00:05:388 INFO  ViewSystemUsersPage :84 - Enter Employee name[[ChromeDriver: chrome on WINDOWS (b0640d120737545669b755139771cd8a)] -> xpath: //input[@placeholder='Type for hints...']]
2023-05-23 00:05:479 INFO  ViewSystemUsersPage :87 - Enter Employee name1[[ChromeDriver: chrome on WINDOWS (b0640d120737545669b755139771cd8a)] -> xpath: //*[@class='oxd-autocomplete-wrapper']//*[contains(text(),'Goutam  Ganesh')]]
2023-05-23 00:05:543 INFO  AddUserPage :55 - Select Status[[ChromeDriver: chrome on WINDOWS (b0640d120737545669b755139771cd8a)] -> xpath: //div[@class='oxd-form-row']/div/div[4]/div/div[2]/div/div]
2023-05-23 00:05:607 INFO  AddUserPage :58 - Select Disable[[ChromeDriver: chrome on WINDOWS (b0640d120737545669b755139771cd8a)] -> xpath: //*[@class='oxd-select-wrapper']//*[contains(text(),'Disabled')]]
2023-05-23 00:05:679 INFO  AddUserPage :79 - Click on Search[[ChromeDriver: chrome on WINDOWS (b0640d120737545669b755139771cd8a)] -> xpath: //button[@class='oxd-button oxd-button--medium oxd-button--secondary orangehrm-left-space']]
2023-05-23 00:05:963 INFO  AddUserPage :88 - Verify the Result List[[ChromeDriver: chrome on WINDOWS (b0640d120737545669b755139771cd8a)] -> xpath: //div[@class='orangehrm-paper-container']/div[2]/div[1]/span[1]]
2023-05-23 00:05:35 INFO  AddUserPage :97 - Click on CheckboxProxy element for: DefaultElementLocator 'By.xpath: //div[@class='oxd-table-card-cell-checkbox']//i[@class='oxd-icon bi-check oxd-checkbox-input-icon']'
2023-05-23 00:05:317 INFO  LoginPage :25 - Enter Username[[ChromeDriver: chrome on WINDOWS (eab3d8e3c20c0bb08ada86646b0abab1)] -> name: username]
2023-05-23 00:05:454 INFO  LoginPage :37 - Enter Password[[ChromeDriver: chrome on WINDOWS (eab3d8e3c20c0bb08ada86646b0abab1)] -> name: password]
2023-05-23 00:05:656 INFO  LoginPage :46 - Click on Login Button[[ChromeDriver: chrome on WINDOWS (eab3d8e3c20c0bb08ada86646b0abab1)] -> xpath: //button[normalize-space()='Login']]
2023-05-23 00:05:737 INFO  ViewSystemUsersPage :26 - Click on Admin[[ChromeDriver: chrome on WINDOWS (eab3d8e3c20c0bb08ada86646b0abab1)] -> xpath: //a[@href='/web/index.php/admin/viewAdminModule']]
2023-05-23 00:05:209 INFO  ViewSystemUsersPage :36 - Verify System User Text[[ChromeDriver: chrome on WINDOWS (eab3d8e3c20c0bb08ada86646b0abab1)] -> xpath: //h5[@class='oxd-text oxd-text--h5 oxd-table-filter-title']]
2023-05-23 00:05:255 INFO  AddUserPage :25 - Enter Username[[ChromeDriver: chrome on WINDOWS (eab3d8e3c20c0bb08ada86646b0abab1)] -> xpath: //div[@class='oxd-form-row']/div[1]/div[1]/div[1]/div[2]/input[1]]
2023-05-23 00:05:568 INFO  AddUserPage :39 - Select User Role[[ChromeDriver: chrome on WINDOWS (eab3d8e3c20c0bb08ada86646b0abab1)] -> xpath: //div[@class='oxd-grid-4 orangehrm-full-width-grid']/div[2]/div/div[2]/div/div/div[2]/i]
2023-05-23 00:05:645 INFO  AddUserPage :42 - Select Admin[[ChromeDriver: chrome on WINDOWS (eab3d8e3c20c0bb08ada86646b0abab1)] -> xpath: //*[@class='oxd-select-wrapper']//*[contains(text(),'Admin')]]
2023-05-23 00:05:705 INFO  ViewSystemUsersPage :84 - Enter Employee name[[ChromeDriver: chrome on WINDOWS (eab3d8e3c20c0bb08ada86646b0abab1)] -> xpath: //input[@placeholder='Type for hints...']]
2023-05-23 00:05:784 INFO  ViewSystemUsersPage :87 - Enter Employee name1[[ChromeDriver: chrome on WINDOWS (eab3d8e3c20c0bb08ada86646b0abab1)] -> xpath: //*[@class='oxd-autocomplete-wrapper']//*[contains(text(),'Goutam  Ganesh')]]
2023-05-23 00:05:853 INFO  AddUserPage :55 - Select Status[[ChromeDriver: chrome on WINDOWS (eab3d8e3c20c0bb08ada86646b0abab1)] -> xpath: //div[@class='oxd-form-row']/div/div[4]/div/div[2]/div/div]
2023-05-23 00:05:915 INFO  AddUserPage :58 - Select Disable[[ChromeDriver: chrome on WINDOWS (eab3d8e3c20c0bb08ada86646b0abab1)] -> xpath: //*[@class='oxd-select-wrapper']//*[contains(text(),'Disabled')]]
2023-05-23 00:05:988 INFO  AddUserPage :79 - Click on Search[[ChromeDriver: chrome on WINDOWS (eab3d8e3c20c0bb08ada86646b0abab1)] -> xpath: //button[@class='oxd-button oxd-button--medium oxd-button--secondary orangehrm-left-space']]
2023-05-23 00:05:284 INFO  AddUserPage :150 - Verify The Text No Records Found[[ChromeDriver: chrome on WINDOWS (eab3d8e3c20c0bb08ada86646b0abab1)] -> xpath: //div[@class='orangehrm-horizontal-padding orangehrm-vertical-padding']]
2023-05-23 00:05:149 INFO  LoginPage :25 - Enter Username[[ChromeDriver: chrome on WINDOWS (3d00d75e7e68e34fe3179456bb24480f)] -> name: username]
2023-05-23 00:05:299 INFO  LoginPage :37 - Enter Password[[ChromeDriver: chrome on WINDOWS (3d00d75e7e68e34fe3179456bb24480f)] -> name: password]
2023-05-23 00:05:468 INFO  LoginPage :46 - Click on Login Button[[ChromeDriver: chrome on WINDOWS (3d00d75e7e68e34fe3179456bb24480f)] -> xpath: //button[normalize-space()='Login']]
2023-05-23 00:05:561 INFO  DashboardPage :23 - Verify Dashboard Text[[ChromeDriver: chrome on WINDOWS (3d00d75e7e68e34fe3179456bb24480f)] -> xpath: //a[@class='oxd-main-menu-item active']]
2023-05-23 00:05:968 INFO  LoginPage :25 - Enter Username[[ChromeDriver: chrome on WINDOWS (a6a9cfd13cd586407e41497f08835931)] -> name: username]
2023-05-23 00:05:111 INFO  LoginPage :37 - Enter Password[[ChromeDriver: chrome on WINDOWS (a6a9cfd13cd586407e41497f08835931)] -> name: password]
2023-05-23 00:05:247 INFO  LoginPage :56 - Verify logo HRForAll[[ChromeDriver: chrome on WINDOWS (a6a9cfd13cd586407e41497f08835931)] -> xpath: //div[@class='orangehrm-login-logo']//img[@alt='orangehrm-logo']]
2023-05-23 00:05:313 INFO  LoginPage :46 - Click on Login Button[[ChromeDriver: chrome on WINDOWS (a6a9cfd13cd586407e41497f08835931)] -> xpath: //button[normalize-space()='Login']]
2023-05-23 00:05:314 INFO  LoginPage :25 - Enter Username[[ChromeDriver: chrome on WINDOWS (9db1abee3e0a958daf9ff556166e3582)] -> name: username]
2023-05-23 00:05:436 INFO  LoginPage :37 - Enter Password[[ChromeDriver: chrome on WINDOWS (9db1abee3e0a958daf9ff556166e3582)] -> name: password]
2023-05-23 00:05:614 INFO  LoginPage :46 - Click on Login Button[[ChromeDriver: chrome on WINDOWS (9db1abee3e0a958daf9ff556166e3582)] -> xpath: //button[normalize-space()='Login']]
2023-05-23 00:05:703 INFO  DashboardPage :35 - Click on User Profile Logo[[ChromeDriver: chrome on WINDOWS (9db1abee3e0a958daf9ff556166e3582)] -> xpath: //i[@class='oxd-icon bi-caret-down-fill oxd-userdropdown-icon']]
2023-05-23 00:05:189 INFO  DashboardPage :46 - Mouse Hoover And Click On Logout[[ChromeDriver: chrome on WINDOWS (9db1abee3e0a958daf9ff556166e3582)] -> link text: Logout]
2023-05-23 00:05:283 INFO  LoginPage :69 - Verify Login Panel Displayed[[ChromeDriver: chrome on WINDOWS (9db1abee3e0a958daf9ff556166e3582)] -> xpath: //h5[normalize-space()='Login']]
2023-05-23 00:05:373 INFO  LoginPage :25 - Enter Username[[ChromeDriver: chrome on WINDOWS (4e2593a64361cdfe3ca931ec72255ff6)] -> name: username]
2023-05-23 00:05:537 INFO  LoginPage :37 - Enter Password[[ChromeDriver: chrome on WINDOWS (4e2593a64361cdfe3ca931ec72255ff6)] -> name: password]
2023-05-23 00:05:687 INFO  LoginPage :46 - Click on Login Button[[ChromeDriver: chrome on WINDOWS (4e2593a64361cdfe3ca931ec72255ff6)] -> xpath: //button[normalize-space()='Login']]
2023-05-23 00:05:84 INFO  ViewSystemUsersPage :26 - Click on Admin[[ChromeDriver: chrome on WINDOWS (4e2593a64361cdfe3ca931ec72255ff6)] -> xpath: //a[@href='/web/index.php/admin/viewAdminModule']]
2023-05-23 00:05:740 INFO  ViewSystemUsersPage :36 - Verify System User Text[[ChromeDriver: chrome on WINDOWS (4e2593a64361cdfe3ca931ec72255ff6)] -> xpath: //h5[@class='oxd-text oxd-text--h5 oxd-table-filter-title']]
2023-05-23 00:05:787 INFO  ViewSystemUsersPage :46 - Click on Add Button[[ChromeDriver: chrome on WINDOWS (4e2593a64361cdfe3ca931ec72255ff6)] -> xpath: //button[@class='oxd-button oxd-button--medium oxd-button--secondary']]
2023-05-23 00:05:807 INFO  ViewSystemUsersPage :55 - Verify Add User[[ChromeDriver: chrome on WINDOWS (4e2593a64361cdfe3ca931ec72255ff6)] -> xpath: //h6[@class='oxd-text oxd-text--h6 orangehrm-main-title']]
2023-05-23 00:05:868 INFO  ViewSystemUsersPage :68 - Select Admin [[ChromeDriver: chrome on WINDOWS (4e2593a64361cdfe3ca931ec72255ff6)] -> xpath: //div[@class='oxd-form-row']/div[1]/div[1]/div[1]/div[2]/div[1]/div[1]/div[2]/i[1]]
2023-05-23 00:05:934 INFO  ViewSystemUsersPage :71 - Click on Admin[[ChromeDriver: chrome on WINDOWS (4e2593a64361cdfe3ca931ec72255ff6)] -> xpath: //*[@class='oxd-select-wrapper']//*[contains(text(),'Admin')]]
2023-05-23 00:05:09 INFO  ViewSystemUsersPage :84 - Enter Employee name[[ChromeDriver: chrome on WINDOWS (4e2593a64361cdfe3ca931ec72255ff6)] -> xpath: //input[@placeholder='Type for hints...']]
2023-05-23 00:05:106 INFO  ViewSystemUsersPage :87 - Enter Employee name1[[ChromeDriver: chrome on WINDOWS (4e2593a64361cdfe3ca931ec72255ff6)] -> xpath: //*[@class='oxd-autocomplete-wrapper']//*[contains(text(),'Goutam  Ganesh')]]
2023-05-23 00:05:187 INFO  ViewSystemUsersPage :97 - Enter Username[[ChromeDriver: chrome on WINDOWS (4e2593a64361cdfe3ca931ec72255ff6)] -> xpath: //div[@class='oxd-form-row']/div[1]/div[4]/div[1]/div[2]/input[1]]
2023-05-23 00:05:296 INFO  ViewSystemUsersPage :114 - Select Status[[ChromeDriver: chrome on WINDOWS (4e2593a64361cdfe3ca931ec72255ff6)] -> xpath: //body/div[@id='app']/div[1]/div[2]/div[2]/div[1]/div[1]/form[1]/div[1]/div[1]/div[3]/div[1]/div[2]/div[1]/div[1]]
2023-05-23 00:05:381 INFO  ViewSystemUsersPage :117 - Select Disable[[ChromeDriver: chrome on WINDOWS (4e2593a64361cdfe3ca931ec72255ff6)] -> css selector: body > div:nth-child(3) > div:nth-child(1) > div:nth-child(2) > div:nth-child(2) > div:nth-child(1) > div:nth-child(1) > form:nth-child(3) > div:nth-child(1) > div:nth-child(1) > div:nth-child(3) > div:nth-child(1) > div:nth-child(2) > div:nth-child(1) > div:nth-child(1) > div:nth-child(1)]
2023-05-23 00:05:465 INFO  ViewSystemUsersPage :128 - Enter password[[ChromeDriver: chrome on WINDOWS (4e2593a64361cdfe3ca931ec72255ff6)] -> xpath: //div[@class='orangehrm-card-container']/form[1]/div[2]/div[1]/div[1]/div[1]/div[2]/input[1]]
2023-05-23 00:05:580 INFO  ViewSystemUsersPage :140 - Enter confirm password[[ChromeDriver: chrome on WINDOWS (4e2593a64361cdfe3ca931ec72255ff6)] -> xpath: //div[@class='orangehrm-card-container']/form[1]/div[2]/div[1]/div[2]/div[1]/div[2]/input[1]]
2023-05-23 00:05:716 INFO  ViewSystemUsersPage :150 - Click on Save button[[ChromeDriver: chrome on WINDOWS (4e2593a64361cdfe3ca931ec72255ff6)] -> xpath: //button[@class='oxd-button oxd-button--medium oxd-button--secondary orangehrm-left-space']]
2023-05-23 00:05:674 INFO  LoginPage :25 - Enter Username[[ChromeDriver: chrome on WINDOWS (ddcc9aff0640e2d112371a0a81f75336)] -> name: username]
2023-05-23 00:05:834 INFO  LoginPage :37 - Enter Password[[ChromeDriver: chrome on WINDOWS (ddcc9aff0640e2d112371a0a81f75336)] -> name: password]
2023-05-23 00:05:979 INFO  LoginPage :46 - Click on Login Button[[ChromeDriver: chrome on WINDOWS (ddcc9aff0640e2d112371a0a81f75336)] -> xpath: //button[normalize-space()='Login']]
2023-05-23 00:05:59 INFO  ViewSystemUsersPage :26 - Click on Admin[[ChromeDriver: chrome on WINDOWS (ddcc9aff0640e2d112371a0a81f75336)] -> xpath: //a[@href='/web/index.php/admin/viewAdminModule']]
2023-05-23 00:05:399 INFO  ViewSystemUsersPage :36 - Verify System User Text[[ChromeDriver: chrome on WINDOWS (ddcc9aff0640e2d112371a0a81f75336)] -> xpath: //h5[@class='oxd-text oxd-text--h5 oxd-table-filter-title']]
2023-05-23 00:05:484 INFO  AddUserPage :25 - Enter Username[[ChromeDriver: chrome on WINDOWS (ddcc9aff0640e2d112371a0a81f75336)] -> xpath: //div[@class='oxd-form-row']/div[1]/div[1]/div[1]/div[2]/input[1]]
2023-05-23 00:05:775 INFO  AddUserPage :39 - Select User Role[[ChromeDriver: chrome on WINDOWS (ddcc9aff0640e2d112371a0a81f75336)] -> xpath: //div[@class='oxd-grid-4 orangehrm-full-width-grid']/div[2]/div/div[2]/div/div/div[2]/i]
2023-05-23 00:05:849 INFO  AddUserPage :42 - Select Admin[[ChromeDriver: chrome on WINDOWS (ddcc9aff0640e2d112371a0a81f75336)] -> xpath: //*[@class='oxd-select-wrapper']//*[contains(text(),'Admin')]]
2023-05-23 00:05:910 INFO  AddUserPage :55 - Select Status[[ChromeDriver: chrome on WINDOWS (ddcc9aff0640e2d112371a0a81f75336)] -> xpath: //div[@class='oxd-form-row']/div/div[4]/div/div[2]/div/div]
2023-05-23 00:05:981 INFO  AddUserPage :58 - Select Disable[[ChromeDriver: chrome on WINDOWS (ddcc9aff0640e2d112371a0a81f75336)] -> xpath: //*[@class='oxd-select-wrapper']//*[contains(text(),'Disabled')]]
2023-05-23 00:05:70 INFO  AddUserPage :79 - Click on Search[[ChromeDriver: chrome on WINDOWS (ddcc9aff0640e2d112371a0a81f75336)] -> xpath: //button[@class='oxd-button oxd-button--medium oxd-button--secondary orangehrm-left-space']]
2023-05-23 00:05:349 INFO  AddUserPage :88 - Verify the Result List[[ChromeDriver: chrome on WINDOWS (ddcc9aff0640e2d112371a0a81f75336)] -> xpath: //div[@class='orangehrm-paper-container']/div[2]/div[1]/span[1]]
2023-05-23 00:05:219 INFO  LoginPage :25 - Enter Username[[ChromeDriver: chrome on WINDOWS (51a7a1f4c1d1803b44d2999259099e73)] -> name: username]
2023-05-23 00:05:372 INFO  LoginPage :37 - Enter Password[[ChromeDriver: chrome on WINDOWS (51a7a1f4c1d1803b44d2999259099e73)] -> name: password]
2023-05-23 00:05:509 INFO  LoginPage :46 - Click on Login Button[[ChromeDriver: chrome on WINDOWS (51a7a1f4c1d1803b44d2999259099e73)] -> xpath: //button[normalize-space()='Login']]
2023-05-23 00:05:608 INFO  ViewSystemUsersPage :26 - Click on Admin[[ChromeDriver: chrome on WINDOWS (51a7a1f4c1d1803b44d2999259099e73)] -> xpath: //a[@href='/web/index.php/admin/viewAdminModule']]
2023-05-23 00:05:289 INFO  ViewSystemUsersPage :36 - Verify System User Text[[ChromeDriver: chrome on WINDOWS (51a7a1f4c1d1803b44d2999259099e73)] -> xpath: //h5[@class='oxd-text oxd-text--h5 oxd-table-filter-title']]
2023-05-23 00:05:350 INFO  AddUserPage :25 - Enter Username[[ChromeDriver: chrome on WINDOWS (51a7a1f4c1d1803b44d2999259099e73)] -> xpath: //div[@class='oxd-form-row']/div[1]/div[1]/div[1]/div[2]/input[1]]
2023-05-23 00:05:633 INFO  AddUserPage :39 - Select User Role[[ChromeDriver: chrome on WINDOWS (51a7a1f4c1d1803b44d2999259099e73)] -> xpath: //div[@class='oxd-grid-4 orangehrm-full-width-grid']/div[2]/div/div[2]/div/div/div[2]/i]
2023-05-23 00:05:698 INFO  AddUserPage :42 - Select Admin[[ChromeDriver: chrome on WINDOWS (51a7a1f4c1d1803b44d2999259099e73)] -> xpath: //*[@class='oxd-select-wrapper']//*[contains(text(),'Admin')]]
2023-05-23 00:05:758 INFO  ViewSystemUsersPage :84 - Enter Employee name[[ChromeDriver: chrome on WINDOWS (51a7a1f4c1d1803b44d2999259099e73)] -> xpath: //input[@placeholder='Type for hints...']]
2023-05-23 00:05:856 INFO  ViewSystemUsersPage :87 - Enter Employee name1[[ChromeDriver: chrome on WINDOWS (51a7a1f4c1d1803b44d2999259099e73)] -> xpath: //*[@class='oxd-autocomplete-wrapper']//*[contains(text(),'Goutam  Ganesh')]]
2023-05-23 00:05:920 INFO  AddUserPage :55 - Select Status[[ChromeDriver: chrome on WINDOWS (51a7a1f4c1d1803b44d2999259099e73)] -> xpath: //div[@class='oxd-form-row']/div/div[4]/div/div[2]/div/div]
2023-05-23 00:05:999 INFO  AddUserPage :58 - Select Disable[[ChromeDriver: chrome on WINDOWS (51a7a1f4c1d1803b44d2999259099e73)] -> xpath: //*[@class='oxd-select-wrapper']//*[contains(text(),'Disabled')]]
2023-05-23 00:05:73 INFO  AddUserPage :79 - Click on Search[[ChromeDriver: chrome on WINDOWS (51a7a1f4c1d1803b44d2999259099e73)] -> xpath: //button[@class='oxd-button oxd-button--medium oxd-button--secondary orangehrm-left-space']]
2023-05-23 00:05:347 INFO  AddUserPage :88 - Verify the Result List[[ChromeDriver: chrome on WINDOWS (51a7a1f4c1d1803b44d2999259099e73)] -> xpath: //div[@class='orangehrm-paper-container']/div[2]/div[1]/span[1]]
2023-05-23 00:05:421 INFO  AddUserPage :97 - Click on CheckboxProxy element for: DefaultElementLocator 'By.xpath: //div[@class='oxd-table-card-cell-checkbox']//i[@class='oxd-icon bi-check oxd-checkbox-input-icon']'
2023-05-23 00:05:82 INFO  LoginPage :25 - Enter Username[[ChromeDriver: chrome on WINDOWS (c6a6b6130252c82bd50ab7538374cfc7)] -> name: username]
2023-05-23 00:05:247 INFO  LoginPage :37 - Enter Password[[ChromeDriver: chrome on WINDOWS (c6a6b6130252c82bd50ab7538374cfc7)] -> name: password]
2023-05-23 00:05:407 INFO  LoginPage :46 - Click on Login Button[[ChromeDriver: chrome on WINDOWS (c6a6b6130252c82bd50ab7538374cfc7)] -> xpath: //button[normalize-space()='Login']]
2023-05-23 00:05:476 INFO  ViewSystemUsersPage :26 - Click on Admin[[ChromeDriver: chrome on WINDOWS (c6a6b6130252c82bd50ab7538374cfc7)] -> xpath: //a[@href='/web/index.php/admin/viewAdminModule']]
2023-05-23 00:05:92 INFO  ViewSystemUsersPage :36 - Verify System User Text[[ChromeDriver: chrome on WINDOWS (c6a6b6130252c82bd50ab7538374cfc7)] -> xpath: //h5[@class='oxd-text oxd-text--h5 oxd-table-filter-title']]
2023-05-23 00:05:194 INFO  AddUserPage :25 - Enter Username[[ChromeDriver: chrome on WINDOWS (c6a6b6130252c82bd50ab7538374cfc7)] -> xpath: //div[@class='oxd-form-row']/div[1]/div[1]/div[1]/div[2]/input[1]]
2023-05-23 00:05:519 INFO  AddUserPage :39 - Select User Role[[ChromeDriver: chrome on WINDOWS (c6a6b6130252c82bd50ab7538374cfc7)] -> xpath: //div[@class='oxd-grid-4 orangehrm-full-width-grid']/div[2]/div/div[2]/div/div/div[2]/i]
2023-05-23 00:05:597 INFO  AddUserPage :42 - Select Admin[[ChromeDriver: chrome on WINDOWS (c6a6b6130252c82bd50ab7538374cfc7)] -> xpath: //*[@class='oxd-select-wrapper']//*[contains(text(),'Admin')]]
2023-05-23 00:05:666 INFO  ViewSystemUsersPage :84 - Enter Employee name[[ChromeDriver: chrome on WINDOWS (c6a6b6130252c82bd50ab7538374cfc7)] -> xpath: //input[@placeholder='Type for hints...']]
2023-05-23 00:05:753 INFO  ViewSystemUsersPage :87 - Enter Employee name1[[ChromeDriver: chrome on WINDOWS (c6a6b6130252c82bd50ab7538374cfc7)] -> xpath: //*[@class='oxd-autocomplete-wrapper']//*[contains(text(),'Goutam  Ganesh')]]
2023-05-23 00:05:821 INFO  AddUserPage :55 - Select Status[[ChromeDriver: chrome on WINDOWS (c6a6b6130252c82bd50ab7538374cfc7)] -> xpath: //div[@class='oxd-form-row']/div/div[4]/div/div[2]/div/div]
2023-05-23 00:05:888 INFO  AddUserPage :58 - Select Disable[[ChromeDriver: chrome on WINDOWS (c6a6b6130252c82bd50ab7538374cfc7)] -> xpath: //*[@class='oxd-select-wrapper']//*[contains(text(),'Disabled')]]
2023-05-23 00:05:979 INFO  AddUserPage :79 - Click on Search[[ChromeDriver: chrome on WINDOWS (c6a6b6130252c82bd50ab7538374cfc7)] -> xpath: //button[@class='oxd-button oxd-button--medium oxd-button--secondary orangehrm-left-space']]
2023-05-23 00:05:266 INFO  AddUserPage :150 - Verify The Text No Records Found[[ChromeDriver: chrome on WINDOWS (c6a6b6130252c82bd50ab7538374cfc7)] -> xpath: //div[@class='orangehrm-horizontal-padding orangehrm-vertical-padding']]
